0	1	mikroCARM.exe -MSF -DBG -pSTM32F401CD -BIN -LHF -DL -SSA -O11111114 -fo8 -N"C:\Users\Mega Store\Desktop\STM project1\STM project1\mic1\main.mcpar" -SP"D:\mikroC PRO for ARM\Defs\" -SP"D:\mikroC PRO for ARM\Uses\ST M4\" -SP"C:\Users\Mega Store\Desktop\STM project1\STM project1\mic1\" -SP"C:\Users\Mega Store\Desktop\STM project1\STM project1\" -IP"D:\mikroC PRO for ARM\Uses\ST M4\" "main.c" "Usart.c" "GPIO.c" "__Lib_Math.emcl" "__Lib_MathDouble.emcl" "__Lib_Delays.emcl" "__Lib_System_4XX.emcl" "__Lib_GPIO_32F401x_Defs.emcl" "__Lib_GPIO_32F4x1.emcl"	 
diagnostics: 0	122	Compilation Started	stdint.h
diagnostics: 45	123	Compiled Successfully	main.c
hint: 5	1164	Variable 'ret' has been eliminated by optimizer	main.c
diagnostics: 0	122	Compilation Started	stdint.h
hint: 5	1163	Variable 'USARTDIV' has been declared, but not used	Usart.c
hint: 6	1163	Variable 'FRACTION_temp' has been declared, but not used	Usart.c
hint: 7	1163	Variable 'Mantissa' has been declared, but not used	Usart.c
hint: 7	1163	Variable 'Fraction' has been declared, but not used	Usart.c
diagnostics: 135	123	Compiled Successfully	Usart.c
diagnostics: 0	122	Compilation Started	stdlib.h
diagnostics: 144	123	Compiled Successfully	GPIO.c
diagnostics: 0	127	All files Compiled in 422 ms	 
hint: 0	1144	Used RX: 14 (88%)   Free RX: 2 (12%)	Used RX: 14 (88%)   Free RX: 2 (12%)
hint: 0	1144	Static RAM (bytes): 8   Dynamic RAM (bytes): 98293	Static RAM (bytes): 8   Dynamic RAM (bytes): 98293
hint: 0	1144	Used ROM (bytes): 3440 (1%)  Free ROM (bytes): 389776 (99%)	Used ROM (bytes): 3440 (1%)  Free ROM (bytes): 389776 (99%)
diagnostics: 0	125	Project Linked Successfully	main.mcpar
diagnostics: 0	128	Linked in 172 ms	 
diagnostics: 0	129	Project 'main.mcpar' completed: 781 ms	 
diagnostics: 0	103	Finished successfully: 21 Dec 2023, 02:39:50	main.mcpar
